Added Component: Designator=C1(CAP_0805)
Add component. Clean all parameters for all variants
Add component (AddParameter): Name = "Value"; Value = "103"; VariantName = "[No Variations]"
Added Component: Designator=C2(CAP_0805)
Add component. Clean all parameters for all variants
Add component (AddParameter): Name = "Value"; Value = "103"; VariantName = "[No Variations]"
Added Component: Designator=Cin1(CAP_D10)
Add component. Clean all parameters for all variants
Add component (AddParameter): Name = "Value"; Value = "103"; VariantName = "[No Variations]"
Added Component: Designator=Cout1(CAP_D10)
Add component. Clean all parameters for all variants
Add component (AddParameter): Name = "Value"; Value = "103"; VariantName = "[No Variations]"
Added Component: Designator=D1(SMA)
Add component. Clean all parameters for all variants
Add component (AddParameter): Name = "Value"; Value = "Diode c?m 1N5408"; VariantName = "[No Variations]"
Added Component: Designator=IC1(DIP40/W0.6)
Add component. Clean all parameters for all variants
Add component (AddParameter): Name = "Value"; Value = "AT89C52"; VariantName = "[No Variations]"
Added Component: Designator=JDC1(DC-IN)
Add component. Clean all parameters for all variants
Add component (AddParameter): Name = "Value"; Value = "Jac DC"; VariantName = "[No Variations]"
Added Component: Designator=L2(L-SMD-M-7.3x4.5)
Add component. Clean all parameters for all variants
Add component (AddParameter): Name = "Value"; Value = "150 mH"; VariantName = "[No Variations]"
Added Component: Designator=R1(RES_SMD_0805)
Add component. Clean all parameters for all variants
Add component (AddParameter): Name = "Value"; Value = "R1W - 100"; VariantName = "[No Variations]"
Added Component: Designator=SW1(SW-2P-S)
Add component. Clean all parameters for all variants
Add component (AddParameter): Name = "LatestRevisionDate"; Value = "17-Jul-2002"; VariantName = "[No Variations]"
Add component (AddParameter): Name = "LatestRevisionNote"; Value = "Re-released for DXP Platform."; VariantName = "[No Variations]"
Add component (AddParameter): Name = "PackageReference"; Value = "SPST-2"; VariantName = "[No Variations]"
Add component (AddParameter): Name = "Published"; Value = "24-Mar-1999"; VariantName = "[No Variations]"
Add component (AddParameter): Name = "Publisher"; Value = "Altium Limited"; VariantName = "[No Variations]"
Added Component: Designator=SW2(SW2)
Add component. Clean all parameters for all variants
Add component (AddParameter): Name = "Value"; Value = "SW chip 2 pin"; VariantName = "[No Variations]"
Added Component: Designator=SW3(SW2)
Add component. Clean all parameters for all variants
Add component (AddParameter): Name = "Value"; Value = "SW chip 2 pin"; VariantName = "[No Variations]"
Added Component: Designator=SW4(SW2)
Add component. Clean all parameters for all variants
Add component (AddParameter): Name = "Value"; Value = "SW chip 2 pin"; VariantName = "[No Variations]"
Added Component: Designator=SW5(SW2)
Add component. Clean all parameters for all variants
Add component (AddParameter): Name = "Value"; Value = "SW chip 2 pin"; VariantName = "[No Variations]"
Added Component: Designator=SW6(SW2)
Add component. Clean all parameters for all variants
Add component (AddParameter): Name = "Value"; Value = "SW chip 2 pin"; VariantName = "[No Variations]"
Added Component: Designator=SW7(SW2)
Add component. Clean all parameters for all variants
Add component (AddParameter): Name = "Value"; Value = "SW chip 2 pin"; VariantName = "[No Variations]"
Added Component: Designator=SW8(SW2)
Add component. Clean all parameters for all variants
Add component (AddParameter): Name = "Value"; Value = "SW chip 2 pin"; VariantName = "[No Variations]"
Added Component: Designator=SW9(SW2)
Add component. Clean all parameters for all variants
Add component (AddParameter): Name = "Value"; Value = "SW chip 2 pin"; VariantName = "[No Variations]"
Added Component: Designator=SW10(SW2)
Add component. Clean all parameters for all variants
Add component (AddParameter): Name = "Value"; Value = "SW chip 2 pin"; VariantName = "[No Variations]"
Added Component: Designator=SW11(SW2)
Add component. Clean all parameters for all variants
Add component (AddParameter): Name = "Value"; Value = "SW chip 2 pin"; VariantName = "[No Variations]"
Added Component: Designator=SW12(SW2)
Add component. Clean all parameters for all variants
Add component (AddParameter): Name = "Value"; Value = "SW chip 2 pin"; VariantName = "[No Variations]"
Added Component: Designator=SW13(SW2)
Add component. Clean all parameters for all variants
Add component (AddParameter): Name = "Value"; Value = "SW chip 2 pin"; VariantName = "[No Variations]"
Added Component: Designator=SW14(SW2)
Add component. Clean all parameters for all variants
Add component (AddParameter): Name = "Value"; Value = "SW chip 2 pin"; VariantName = "[No Variations]"
Added Component: Designator=SW15(SW2)
Add component. Clean all parameters for all variants
Add component (AddParameter): Name = "Value"; Value = "SW chip 2 pin"; VariantName = "[No Variations]"
Added Component: Designator=SW16(SW2)
Add component. Clean all parameters for all variants
Add component (AddParameter): Name = "Value"; Value = "SW chip 2 pin"; VariantName = "[No Variations]"
Added Component: Designator=SW17(SW2)
Add component. Clean all parameters for all variants
Add component (AddParameter): Name = "Value"; Value = "SW chip 2 pin"; VariantName = "[No Variations]"
Added Component: Designator=U1(TO-263)
Add component. Clean all parameters for all variants
Add component (AddParameter): Name = "Category"; Value = "IC-Power"; VariantName = "[No Variations]"
Add component (AddParameter): Name = "Max Input Voltage"; Value = "12 V"; VariantName = "[No Variations]"
Add component (AddParameter): Name = "Max Output Current"; Value = "3 (6.0 peak) A"; VariantName = "[No Variations]"
Add component (AddParameter): Name = "Max Output Voltage"; Value = "mV"; VariantName = "[No Variations]"
Add component (AddParameter): Name = "Min Input Voltage"; Value = "mV"; VariantName = "[No Variations]"
Add component (AddParameter): Name = "Min Output Voltage"; Value = "mV"; VariantName = "[No Variations]"
Add component (AddParameter): Name = "Mounting Technology"; Value = "Surface Mount"; VariantName = "[No Variations]"
Add component (AddParameter): Name = "PowerICTypes"; Value = ""; VariantName = "[No Variations]"
Add component (AddParameter): Name = "Status"; Value = "Unreleased"; VariantName = "[No Variations]"
Add component (AddParameter): Name = "Supply Voltage"; Value = "mV"; VariantName = "[No Variations]"
Add component (AddParameter): Name = "Temperature Range"; Value = "-40 to +125 degC"; VariantName = "[No Variations]"
Added Component: Designator=X1(XT2)
Add component. Clean all parameters for all variants
Add component (AddParameter): Name = "Value"; Value = "4Mhz"; VariantName = "[No Variations]"
Added Pin To Net: NetName=GND Pin=C1-1
Added Pin To Net: NetName=NetC1_2 Pin=C1-2
Added Pin To Net: NetName=GND Pin=C2-1
Added Pin To Net: NetName=NetC2_2 Pin=C2-2
Added Pin To Net: NetName=NetCin1_1 Pin=Cin1-1
Added Pin To Net: NetName=GND Pin=Cin1-2
Added Pin To Net: NetName=GND Pin=Cout1-1
Added Pin To Net: NetName=+5 Pin=Cout1-2
Added Pin To Net: NetName=GND Pin=D1-1
Added Pin To Net: NetName=NetD1_2 Pin=D1-2
Added Pin To Net: NetName=NetIC1_1 Pin=IC1-1
Added Pin To Net: NetName=NetIC1_2 Pin=IC1-2
Added Pin To Net: NetName=NetIC1_3 Pin=IC1-3
Added Pin To Net: NetName=NetIC1_4 Pin=IC1-4
Added Pin To Net: NetName=NetIC1_5 Pin=IC1-5
Added Pin To Net: NetName=NetIC1_6 Pin=IC1-6
Added Pin To Net: NetName=NetIC1_7 Pin=IC1-7
Added Pin To Net: NetName=NetIC1_8 Pin=IC1-8
Added Pin To Net: NetName=NetIC1_9 Pin=IC1-9
Added Pin To Net: NetName=NetC1_2 Pin=IC1-18
Added Pin To Net: NetName=NetC2_2 Pin=IC1-19
Added Pin To Net: NetName=NetIC1_22 Pin=IC1-22
Added Pin To Net: NetName=NetIC1_23 Pin=IC1-23
Added Pin To Net: NetName=NetIC1_24 Pin=IC1-24
Added Pin To Net: NetName=+5 Pin=IC1-31
Added Pin To Net: NetName=+5 Pin=IC1-40
Added Pin To Net: NetName=NetCin1_1 Pin=JDC1-1
Added Pin To Net: NetName=GND Pin=JDC1-2
Added Pin To Net: NetName=GND Pin=JDC1-3
Added Pin To Net: NetName=NetD1_2 Pin=L2-1
Added Pin To Net: NetName=+5 Pin=L2-2
Added Pin To Net: NetName=GND Pin=R1-1
Added Pin To Net: NetName=NetIC1_9 Pin=R1-2
Added Pin To Net: NetName=NetIC1_9 Pin=SW1-1
Added Pin To Net: NetName=+5 Pin=SW1-2
Added Pin To Net: NetName=NetIC1_2 Pin=SW2-1
Added Pin To Net: NetName=NetIC1_3 Pin=SW2-2
Added Pin To Net: NetName=NetIC1_5 Pin=SW3-1
Added Pin To Net: NetName=NetIC1_3 Pin=SW3-2
Added Pin To Net: NetName=NetIC1_6 Pin=SW4-1
Added Pin To Net: NetName=NetIC1_3 Pin=SW4-2
Added Pin To Net: NetName=NetIC1_4 Pin=SW5-1
Added Pin To Net: NetName=NetIC1_3 Pin=SW5-2
Added Pin To Net: NetName=NetIC1_2 Pin=SW6-1
Added Pin To Net: NetName=NetIC1_8 Pin=SW6-2
Added Pin To Net: NetName=NetIC1_5 Pin=SW7-1
Added Pin To Net: NetName=NetIC1_8 Pin=SW7-2
Added Pin To Net: NetName=NetIC1_6 Pin=SW8-1
Added Pin To Net: NetName=NetIC1_8 Pin=SW8-2
Added Pin To Net: NetName=NetIC1_4 Pin=SW9-1
Added Pin To Net: NetName=NetIC1_8 Pin=SW9-2
Added Pin To Net: NetName=NetIC1_2 Pin=SW10-1
Added Pin To Net: NetName=NetSW10_2 Pin=SW10-2
Added Pin To Net: NetName=NetIC1_5 Pin=SW11-1
Added Pin To Net: NetName=NetSW10_2 Pin=SW11-2
Added Pin To Net: NetName=NetIC1_6 Pin=SW12-1
Added Pin To Net: NetName=NetSW10_2 Pin=SW12-2
Added Pin To Net: NetName=NetIC1_4 Pin=SW13-1
Added Pin To Net: NetName=NetSW10_2 Pin=SW13-2
Added Pin To Net: NetName=NetIC1_2 Pin=SW14-1
Added Pin To Net: NetName=NetIC1_7 Pin=SW14-2
Added Pin To Net: NetName=NetIC1_5 Pin=SW15-1
Added Pin To Net: NetName=NetIC1_7 Pin=SW15-2
Added Pin To Net: NetName=NetIC1_6 Pin=SW16-1
Added Pin To Net: NetName=NetIC1_7 Pin=SW16-2
Added Pin To Net: NetName=NetIC1_4 Pin=SW17-1
Added Pin To Net: NetName=NetIC1_7 Pin=SW17-2
Added Pin To Net: NetName=NetCin1_1 Pin=U1-1
Added Pin To Net: NetName=NetD1_2 Pin=U1-2
Added Pin To Net: NetName=GND Pin=U1-3
Added Pin To Net: NetName=+5 Pin=U1-4
Added Pin To Net: NetName=GND Pin=U1-5
Added Pin To Net: NetName=NetC2_2 Pin=X1-1
Added Pin To Net: NetName=NetC1_2 Pin=X1-2
Added Member To Class: ClassName=2 Member=Component C1 22pF
Added Member To Class: ClassName=2 Member=Component C2 22pF
Added Member To Class: ClassName=5 Member=Component Cin1 680uF
Added Member To Class: ClassName=5 Member=Component Cout1 220uF
Added Member To Class: ClassName=5 Member=Component D1 1N5822
Added Member To Class: ClassName=2 Member=Component IC1 AT89C52
Added Member To Class: ClassName=5 Member=Component JDC1 Jac DC
Added Member To Class: ClassName=5 Member=Component L2 33uH
Added Member To Class: ClassName=2 Member=Component R1 10k
Added Member To Class: ClassName=2 Member=Component SW1 SW-2P-S
Added Member To Class: ClassName=4 Member=Component SW2 SW
Added Member To Class: ClassName=4 Member=Component SW3 SW
Added Member To Class: ClassName=4 Member=Component SW4 SW
Added Member To Class: ClassName=4 Member=Component SW5 SW
Added Member To Class: ClassName=4 Member=Component SW6 SW
Added Member To Class: ClassName=4 Member=Component SW7 SW
Added Member To Class: ClassName=4 Member=Component SW8 SW
Added Member To Class: ClassName=4 Member=Component SW9 SW
Added Member To Class: ClassName=4 Member=Component SW10 SW
Added Member To Class: ClassName=4 Member=Component SW11 SW
Added Member To Class: ClassName=4 Member=Component SW12 SW
Added Member To Class: ClassName=4 Member=Component SW13 SW
Added Member To Class: ClassName=4 Member=Component SW14 SW
Added Member To Class: ClassName=4 Member=Component SW15 SW
Added Member To Class: ClassName=4 Member=Component SW16 SW
Added Member To Class: ClassName=4 Member=Component SW17 SW
Added Member To Class: ClassName=5 Member=Component U1 LM2976
Added Member To Class: ClassName=2 Member=Component X1 12Mhz
Added Room: Name=2
Added Room: Name=4
Added Room: Name=5
