Removed Pin From Net: NetName=GND Pin=C1-1
Removed Pin From Net: NetName=GND Pin=C2-1
Removed Pin From Net: NetName=NetIC1_1 Pin=IC1-1
Removed Pin From Net: NetName=NetIC1_2 Pin=IC1-2
Removed Pin From Net: NetName=NetIC1_3 Pin=IC1-3
Removed Pin From Net: NetName=NetIC1_4 Pin=IC1-4
Removed Pin From Net: NetName=NetIC1_5 Pin=IC1-5
Removed Pin From Net: NetName=NetIC1_6 Pin=IC1-6
Removed Pin From Net: NetName=NetIC1_7 Pin=IC1-7
Removed Pin From Net: NetName=NetIC1_8 Pin=IC1-8
Removed Pin From Net: NetName=GND Pin=IC1-20
Removed Pin From Net: NetName=+5 Pin=IC1-31
Removed Pin From Net: NetName=+5 Pin=IC1-40
Removed Pin From Net: NetName=+5 Pin=L1-7
Removed Pin From Net: NetName=GND Pin=L1-8
Removed Pin From Net: NetName=GND Pin=M1-4
Removed Pin From Net: NetName=GND Pin=M1-9
Removed Pin From Net: NetName=GND Pin=R1-2
Removed Pin From Net: NetName=+5 Pin=R2-2
Removed Pin From Net: NetName=+5 Pin=SW1-2
Added Component: Designator=Cin1(C3MM)
Add component. Clean all parameters for all variants
Add component (AddParameter): Name = "Value"; Value = "103"; VariantName = "[No Variations]"
Added Component: Designator=Cout1(C3MM)
Add component. Clean all parameters for all variants
Add component (AddParameter): Name = "Value"; Value = "103"; VariantName = "[No Variations]"
Added Component: Designator=D1(1N4148_SMD)
Add component. Clean all parameters for all variants
Add component (AddParameter): Name = "Value"; Value = "Diode c?m 1N5408"; VariantName = "[No Variations]"
Added Component: Designator=JDC1(DC-IN)
Add component. Clean all parameters for all variants
Add component (AddParameter): Name = "Value"; Value = "Jac DC"; VariantName = "[No Variations]"
Added Component: Designator=L2(L/0.4)
Add component. Clean all parameters for all variants
Add component (AddParameter): Name = "Value"; Value = "150 mH"; VariantName = "[No Variations]"
Added Component: Designator=U1(LM1117-Hole)
Add component. Clean all parameters for all variants
Add component (AddParameter): Name = "Category"; Value = "IC-Power"; VariantName = "[No Variations]"
Add component (AddParameter): Name = "Max Input Voltage"; Value = "12 V"; VariantName = "[No Variations]"
Add component (AddParameter): Name = "Max Output Current"; Value = "3 (6.0 peak) A"; VariantName = "[No Variations]"
Add component (AddParameter): Name = "Max Output Voltage"; Value = "mV"; VariantName = "[No Variations]"
Add component (AddParameter): Name = "Min Input Voltage"; Value = "mV"; VariantName = "[No Variations]"
Add component (AddParameter): Name = "Min Output Voltage"; Value = "mV"; VariantName = "[No Variations]"
Add component (AddParameter): Name = "Mounting Technology"; Value = "Surface Mount"; VariantName = "[No Variations]"
Add component (AddParameter): Name = "PowerICTypes"; Value = ""; VariantName = "[No Variations]"
Add component (AddParameter): Name = "Status"; Value = "Unreleased"; VariantName = "[No Variations]"
Add component (AddParameter): Name = "Supply Voltage"; Value = "mV"; VariantName = "[No Variations]"
Add component (AddParameter): Name = "Temperature Range"; Value = "-40 to +125 degC"; VariantName = "[No Variations]"
Added Pin To Net: NetName=GND Pin=Cin1-2
Added Pin To Net: NetName=GND Pin=Cout1-1
Added Pin To Net: NetName=+5 Pin=Cout1-2
Added Pin To Net: NetName=GND Pin=D1-2
Added Pin To Net: NetName=GND Pin=JDC1-2
Added Pin To Net: NetName=GND Pin=JDC1-3
Added Pin To Net: NetName=+5 Pin=L2-2
Added Pin To Net: NetName=GND Pin=U1-3
Change Net Name : Old Net Name=NetIC1_1 New Net Name=NetSW2_1
Change Net Name : Old Net Name=NetIC1_2 New Net Name=NetSW2_2
Change Net Name : Old Net Name=NetIC1_3 New Net Name=NetSW5_1
Change Net Name : Old Net Name=NetIC1_4 New Net Name=NetSW3_1
Change Net Name : Old Net Name=NetIC1_5 New Net Name=NetSW4_1
Change Net Name : Old Net Name=NetIC1_6 New Net Name=NetSW14_2
Change Net Name : Old Net Name=NetIC1_7 New Net Name=NetSW6_2
Change Net Name : Old Net Name=NetIC1_8 New Net Name=NetSW10_2
Added Pin To Net: NetName=NetCin1_1 Pin=Cin1-1
Added Pin To Net: NetName=NetCin1_1 Pin=JDC1-1
Added Pin To Net: NetName=NetCin1_1 Pin=U1-1
Added Net: Name=NetCin1_1
Added Pin To Net: NetName=NetD1_1 Pin=D1-1
Added Pin To Net: NetName=NetD1_1 Pin=L2-1
Added Pin To Net: NetName=NetD1_1 Pin=U1-2
Added Pin To Net: NetName=NetD1_1 Pin=U1-2
Added Net: Name=NetD1_1
Added Class: Name=5
Added Room: Name=4
Added Room: Name=5
