C51 COMPILER V9.60.0.0   MAIN                                                              06/19/2022 10:20:34 PAGE 1   


C51 COMPILER V9.60.0.0, COMPILATION OF MODULE MAIN
OBJECT MODULE PLACED IN .\Objects\main.obj
COMPILER INVOKED BY: C:\Keil_v5\C51\BIN\C51.EXE main.c OPTIMIZE(8,SPEED) BROWSE DEBUG OBJECTEXTEND PRINT(.\Listings\main
                    -.lst) TABS(2) OBJECT(.\Objects\main.obj)

line level    source

*** WARNING C500 IN LINE 1 OF main.c: INCORRECT LICENSE ID CODE (LIC) IN 'TOOLS.INI'
   1          #include <REGX51.H>
   2          #define but1 P3_0
   3          #define but2 P3_1
   4          unsigned char LED7SEGCA[11] = {0xC0,0xF9,0xA4,0xB0,0x99,0x92,0x82,0xF8,0x80,0x90};
   5          unsigned char i;
   6          void Delay_ms (unsigned int t)
   7          {
   8   1      unsigned int x , y;
   9   1        for(x=0;x<t;x++)
  10   1        {
  11   2          for(y=0;y<125;y++);
  12   2        }
  13   1      }
  14          int main ()
  15          {
  16   1      while(1){
  17   2      P2=LED7SEGCA[i];
  18   2      
  19   2        if(but1 == 0)
  20   2        {if(i < 9)
  21   3          {i++;}
  22   3          else
  23   3          {i=0;}
  24   3          while(but1 == 0);
  25   3        }
  26   2        if(but2 == 0)
  27   2        {if(i>0)
  28   3          {i--;}
  29   3          else
  30   3          {i=9;}
  31   3        }
  32   2        while(but2 == 0);
  33   2      }
  34   1      return 0;
  35   1      }
*** WARNING C294 IN LINE 34 OF main.c: unreachable code


MODULE INFORMATION:   STATIC OVERLAYABLE
   CODE SIZE        =     90    ----
   CONSTANT SIZE    =   ----    ----
   XDATA SIZE       =   ----    ----
   PDATA SIZE       =   ----    ----
   DATA SIZE        =     12    ----
   IDATA SIZE       =   ----    ----
   BIT SIZE         =   ----    ----
END OF MODULE INFORMATION.


C51 COMPILATION COMPLETE.  2 WARNING(S),  0 ERROR(S)
