C51 COMPILER V9.60.0.0   MAIN                                                              06/25/2022 09:53:11 PAGE 1   


C51 COMPILER V9.60.0.0, COMPILATION OF MODULE MAIN
OBJECT MODULE PLACED IN .\Objects\main.obj
COMPILER INVOKED BY: C:\Keil_v5\C51\BIN\C51.EXE main.c OPTIMIZE(8,SPEED) BROWSE DEBUG OBJECTEXTEND PRINT(.\Listings\main
                    -.lst) TABS(2) OBJECT(.\Objects\main.obj)

line level    source

   1          #include <main.h>
   2          #include <lib\delay.h>
   3          #define Led7seg P2
   4           int i = 0 ;
   5          void  main ()
   6          {
   7   1        EX0     = 1;
   8   1        EX1     = 1;
   9   1        IT0     = 1;
  10   1        IT1     = 1; 
  11   1        Led7seg = i; 
  12   1        EA      = 1; 
  13   1        
  14   1        
  15   1        
  16   1         while (1)
  17   1         {
  18   2         
  19   2         }
  20   1       }
  21            
  22             void isr_ex0 (void) interrupt 0 //int0 --> up
  23             {
  24   1          i++ ;
  25   1          if (i>9) i= 0;
  26   1          Led7seg = i;
  27   1           
  28   1         }
  29          
  30              void isr_ex1 (void) interrupt 2
  31              {
  32   1            i--;
  33   1            if (i<0) i= 9;
  34   1            Led7seg = i;
  35   1          
  36   1          }
  37          
  38          
  39          
  40          
  41          
  42          


MODULE INFORMATION:   STATIC OVERLAYABLE
   CODE SIZE        =     87    ----
   CONSTANT SIZE    =   ----    ----
   XDATA SIZE       =   ----    ----
   PDATA SIZE       =   ----    ----
   DATA SIZE        =      2    ----
   IDATA SIZE       =   ----    ----
   BIT SIZE         =   ----    ----
END OF MODULE INFORMATION.


C51 COMPILATION COMPLETE.  0 WARNING(S),  0 ERROR(S)
