Change Component Designator: OldDesignator=C? NewDesignator=C1
Change Component Designator: OldDesignator=C? NewDesignator=C2
Change Component Designator: OldDesignator=IC? NewDesignator=IC1
Change Component Designator: OldDesignator=L? NewDesignator=L1
Change Component Designator: OldDesignator=R? NewDesignator=R1
Change Component Designator: OldDesignator=R? NewDesignator=R2
Change Component Designator: OldDesignator=SW? NewDesignator=SW1
Change Component Designator: OldDesignator=SW? NewDesignator=SW2
Change Component Designator: OldDesignator=SW? NewDesignator=SW3
Change Component Designator: OldDesignator=SW? NewDesignator=SW4
Change Component Designator: OldDesignator=SW? NewDesignator=SW5
Change Component Designator: OldDesignator=SW? NewDesignator=SW6
Change Component Designator: OldDesignator=SW? NewDesignator=SW7
Change Component Designator: OldDesignator=SW? NewDesignator=SW8
Change Component Designator: OldDesignator=SW? NewDesignator=SW9
Change Component Designator: OldDesignator=SW? NewDesignator=SW10
Change Component Designator: OldDesignator=SW? NewDesignator=SW11
Change Component Designator: OldDesignator=SW? NewDesignator=SW12
Change Component Designator: OldDesignator=SW? NewDesignator=SW13
Change Component Designator: OldDesignator=SW? NewDesignator=SW14
Change Component Designator: OldDesignator=SW? NewDesignator=SW15
Change Component Designator: OldDesignator=SW? NewDesignator=SW16
Change Component Designator: OldDesignator=SW? NewDesignator=SW17
Change Component Designator: OldDesignator=X? NewDesignator=X1
Change Net Name : Old Net Name=NetC?_2 New Net Name=NetC1_2
Change Net Name : Old Net Name=NetIC?_1 New Net Name=NetIC1_1
Change Net Name : Old Net Name=NetIC?_2 New Net Name=NetIC1_2
Change Net Name : Old Net Name=NetIC?_3 New Net Name=NetIC1_3
Change Net Name : Old Net Name=NetIC?_4 New Net Name=NetIC1_4
Change Net Name : Old Net Name=NetIC?_5 New Net Name=NetIC1_5
Change Net Name : Old Net Name=NetIC?_6 New Net Name=NetIC1_6
Change Net Name : Old Net Name=NetIC?_7 New Net Name=NetIC1_7
Change Net Name : Old Net Name=NetIC?_8 New Net Name=NetIC1_8
Change Net Name : Old Net Name=NetIC?_9 New Net Name=NetIC1_9
Added Pin To Net: NetName=NetC2_2 Pin=C2-2
Added Pin To Net: NetName=NetC2_2 Pin=IC1-19
Added Pin To Net: NetName=NetC2_2 Pin=X1-1
Added Net: Name=NetC2_2
Added Pin To Net: NetName=NetIC1_21 Pin=IC1-21
Added Net: Name=NetIC1_21
Added Pin To Net: NetName=NetIC1_22 Pin=IC1-22
Added Net: Name=NetIC1_22
Added Pin To Net: NetName=NetIC1_23 Pin=IC1-23
Added Net: Name=NetIC1_23
Added Pin To Net: NetName=NetL1_1 Pin=L1-1
Added Net: Name=NetL1_1
Added Pin To Net: NetName=NetL1_2 Pin=L1-2
Added Net: Name=NetL1_2
Added Pin To Net: NetName=NetL1_3 Pin=L1-3
Added Net: Name=NetL1_3
Added Pin To Net: NetName=NetL1_4 Pin=L1-4
Added Net: Name=NetL1_4
Added Pin To Net: NetName=NetL1_5 Pin=L1-5
Added Net: Name=NetL1_5
Added Pin To Net: NetName=NetL1_9 Pin=L1-9
Added Net: Name=NetL1_9
Added Pin To Net: NetName=NetL1_12 Pin=L1-12
Added Net: Name=NetL1_12
Added Pin To Net: NetName=NetL1_13 Pin=L1-13
Added Net: Name=NetL1_13
Added Pin To Net: NetName=NetM1_18 Pin=R2-1
Added Net: Name=NetM1_18
Added Class: Name=0
Added Class: Name=1
Added Class: Name=2
Change Room Name: Old Name=Designator_2 New Name=2
Change Room Scope: Old Scope=InComponentClass('Designator') New Scope=InComponentClass('2')
Added Room: Name=0
Added Room: Name=1
