Added Component: Designator=C?(CAP_0805)
Add component. Clean all parameters for all variants
Add component (AddParameter): Name = "LatestRevisionDate"; Value = "17-Jul-2002"; VariantName = "[No Variations]"
Add component (AddParameter): Name = "LatestRevisionNote"; Value = "Re-released for DXP Platform."; VariantName = "[No Variations]"
Add component (AddParameter): Name = "PackageReference"; Value = "RAD-0.3"; VariantName = "[No Variations]"
Add component (AddParameter): Name = "Published"; Value = "8-Jun-2000"; VariantName = "[No Variations]"
Add component (AddParameter): Name = "Publisher"; Value = "Altium Limited"; VariantName = "[No Variations]"
Add component (AddParameter): Name = "Value"; Value = "33p"; VariantName = "[No Variations]"
Added Component: Designator=C?(CAP_0805)
Add component. Clean all parameters for all variants
Add component (AddParameter): Name = "LatestRevisionDate"; Value = "17-Jul-2002"; VariantName = "[No Variations]"
Add component (AddParameter): Name = "LatestRevisionNote"; Value = "Re-released for DXP Platform."; VariantName = "[No Variations]"
Add component (AddParameter): Name = "PackageReference"; Value = "RAD-0.3"; VariantName = "[No Variations]"
Add component (AddParameter): Name = "Published"; Value = "8-Jun-2000"; VariantName = "[No Variations]"
Add component (AddParameter): Name = "Publisher"; Value = "Altium Limited"; VariantName = "[No Variations]"
Add component (AddParameter): Name = "Value"; Value = "33p"; VariantName = "[No Variations]"
Added Component: Designator=IC?(DIP40/W0.6)
Add component. Clean all parameters for all variants
Add component (AddParameter): Name = "Value"; Value = "AT89C52"; VariantName = "[No Variations]"
Added Component: Designator=L?(LED7SEG-4-0.56-RG)
Add component. Clean all parameters for all variants
Added Component: Designator=R?(RES-SMD-0101)
Add component. Clean all parameters for all variants
Add component (AddParameter): Name = "Class"; Value = "Passive"; VariantName = "[No Variations]"
Add component (AddParameter): Name = "Manufacturer"; Value = "Generic Components"; VariantName = "[No Variations]"
Add component (AddParameter): Name = "Published"; Value = "08/06/2000"; VariantName = "[No Variations]"
Add component (AddParameter): Name = "Publisher"; Value = "Altium Hobart Technology Centre"; VariantName = "[No Variations]"
Added Component: Designator=R?(RES-SMD-0805)
Add component. Clean all parameters for all variants
Add component (AddParameter): Name = "Class"; Value = "Passive"; VariantName = "[No Variations]"
Add component (AddParameter): Name = "Manufacturer"; Value = "Generic Components"; VariantName = "[No Variations]"
Add component (AddParameter): Name = "Published"; Value = "08/06/2000"; VariantName = "[No Variations]"
Add component (AddParameter): Name = "Publisher"; Value = "Altium Hobart Technology Centre"; VariantName = "[No Variations]"
Added Component: Designator=SW?(SW2)
Add component. Clean all parameters for all variants
Add component (AddParameter): Name = "Value"; Value = "SW chip 2 pin"; VariantName = "[No Variations]"
Added Component: Designator=SW?(SW2)
Add component. Clean all parameters for all variants
Add component (AddParameter): Name = "Value"; Value = "SW chip 2 pin"; VariantName = "[No Variations]"
Added Component: Designator=SW?(SW2)
Add component. Clean all parameters for all variants
Add component (AddParameter): Name = "Value"; Value = "SW chip 2 pin"; VariantName = "[No Variations]"
Added Component: Designator=SW?(SW2)
Add component. Clean all parameters for all variants
Add component (AddParameter): Name = "Value"; Value = "SW chip 2 pin"; VariantName = "[No Variations]"
Added Component: Designator=SW?(SW2)
Add component. Clean all parameters for all variants
Add component (AddParameter): Name = "Value"; Value = "SW chip 2 pin"; VariantName = "[No Variations]"
Added Component: Designator=SW?(SW2)
Add component. Clean all parameters for all variants
Add component (AddParameter): Name = "Value"; Value = "SW chip 2 pin"; VariantName = "[No Variations]"
Added Component: Designator=SW?(SW2)
Add component. Clean all parameters for all variants
Add component (AddParameter): Name = "Value"; Value = "SW chip 2 pin"; VariantName = "[No Variations]"
Added Component: Designator=SW?(SW2)
Add component. Clean all parameters for all variants
Add component (AddParameter): Name = "Value"; Value = "SW chip 2 pin"; VariantName = "[No Variations]"
Added Component: Designator=SW?(SW2)
Add component. Clean all parameters for all variants
Add component (AddParameter): Name = "Value"; Value = "SW chip 2 pin"; VariantName = "[No Variations]"
Added Component: Designator=SW?(SW2)
Add component. Clean all parameters for all variants
Add component (AddParameter): Name = "Value"; Value = "SW chip 2 pin"; VariantName = "[No Variations]"
Added Component: Designator=SW?(SW2)
Add component. Clean all parameters for all variants
Add component (AddParameter): Name = "Value"; Value = "SW chip 2 pin"; VariantName = "[No Variations]"
Added Component: Designator=SW?(SW2)
Add component. Clean all parameters for all variants
Add component (AddParameter): Name = "Value"; Value = "SW chip 2 pin"; VariantName = "[No Variations]"
Added Component: Designator=SW?(SW2)
Add component. Clean all parameters for all variants
Add component (AddParameter): Name = "Value"; Value = "SW chip 2 pin"; VariantName = "[No Variations]"
Added Component: Designator=SW?(SW2)
Add component. Clean all parameters for all variants
Add component (AddParameter): Name = "Value"; Value = "SW chip 2 pin"; VariantName = "[No Variations]"
Added Component: Designator=SW?(SW2)
Add component. Clean all parameters for all variants
Add component (AddParameter): Name = "Value"; Value = "SW chip 2 pin"; VariantName = "[No Variations]"
Added Component: Designator=SW?(SW2)
Add component. Clean all parameters for all variants
Add component (AddParameter): Name = "Value"; Value = "SW chip 2 pin"; VariantName = "[No Variations]"
Added Component: Designator=SW?(SW2)
Add component. Clean all parameters for all variants
Add component (AddParameter): Name = "Value"; Value = "SW chip 2 pin"; VariantName = "[No Variations]"
Added Component: Designator=X?(XT2)
Add component. Clean all parameters for all variants
Add component (AddParameter): Name = "Value"; Value = "4Mhz"; VariantName = "[No Variations]"
Added Pin To Net: NetName=5V Pin=IC?-31
Added Pin To Net: NetName=5V Pin=IC?-40
Added Pin To Net: NetName=5V Pin=L?-7
Added Pin To Net: NetName=5V Pin=R?-2
Added Pin To Net: NetName=5V Pin=SW?-2
Added Net: Name=5V
Added Pin To Net: NetName=D0 Pin=L?-14
Added Net: Name=D0
Added Pin To Net: NetName=D1 Pin=L?-11
Added Net: Name=D1
Added Pin To Net: NetName=D2 Pin=L?-10
Added Net: Name=D2
Added Pin To Net: NetName=D3 Pin=L?-6
Added Net: Name=D3
Added Pin To Net: NetName=GND Pin=C?-1
Added Pin To Net: NetName=GND Pin=C?-1
Added Pin To Net: NetName=GND Pin=IC?-20
Added Pin To Net: NetName=GND Pin=L?-8
Added Pin To Net: NetName=GND Pin=R?-1
Added Net: Name=GND
Added Pin To Net: NetName=NetC?_2 Pin=C?-2
Added Pin To Net: NetName=NetC?_2 Pin=IC?-18
Added Pin To Net: NetName=NetC?_2 Pin=X?-2
Added Net: Name=NetC?_2
Added Pin To Net: NetName=NetIC?_1 Pin=IC?-1
Added Pin To Net: NetName=NetIC?_1 Pin=SW?-1
Added Pin To Net: NetName=NetIC?_1 Pin=SW?-1
Added Pin To Net: NetName=NetIC?_1 Pin=SW?-1
Added Pin To Net: NetName=NetIC?_1 Pin=SW?-1
Added Net: Name=NetIC?_1
Added Pin To Net: NetName=NetIC?_2 Pin=IC?-2
Added Pin To Net: NetName=NetIC?_2 Pin=SW?-1
Added Pin To Net: NetName=NetIC?_2 Pin=SW?-1
Added Pin To Net: NetName=NetIC?_2 Pin=SW?-1
Added Pin To Net: NetName=NetIC?_2 Pin=SW?-1
Added Net: Name=NetIC?_2
Added Pin To Net: NetName=NetIC?_3 Pin=IC?-3
Added Pin To Net: NetName=NetIC?_3 Pin=SW?-1
Added Pin To Net: NetName=NetIC?_3 Pin=SW?-1
Added Pin To Net: NetName=NetIC?_3 Pin=SW?-1
Added Pin To Net: NetName=NetIC?_3 Pin=SW?-1
Added Net: Name=NetIC?_3
Added Pin To Net: NetName=NetIC?_4 Pin=IC?-4
Added Pin To Net: NetName=NetIC?_4 Pin=SW?-1
Added Pin To Net: NetName=NetIC?_4 Pin=SW?-1
Added Pin To Net: NetName=NetIC?_4 Pin=SW?-1
Added Pin To Net: NetName=NetIC?_4 Pin=SW?-1
Added Net: Name=NetIC?_4
Added Pin To Net: NetName=NetIC?_5 Pin=IC?-5
Added Pin To Net: NetName=NetIC?_5 Pin=SW?-2
Added Pin To Net: NetName=NetIC?_5 Pin=SW?-2
Added Pin To Net: NetName=NetIC?_5 Pin=SW?-2
Added Pin To Net: NetName=NetIC?_5 Pin=SW?-2
Added Net: Name=NetIC?_5
Added Pin To Net: NetName=NetIC?_6 Pin=IC?-6
Added Pin To Net: NetName=NetIC?_6 Pin=SW?-2
Added Pin To Net: NetName=NetIC?_6 Pin=SW?-2
Added Pin To Net: NetName=NetIC?_6 Pin=SW?-2
Added Pin To Net: NetName=NetIC?_6 Pin=SW?-2
Added Net: Name=NetIC?_6
Added Pin To Net: NetName=NetIC?_7 Pin=IC?-7
Added Pin To Net: NetName=NetIC?_7 Pin=SW?-2
Added Pin To Net: NetName=NetIC?_7 Pin=SW?-2
Added Pin To Net: NetName=NetIC?_7 Pin=SW?-2
Added Pin To Net: NetName=NetIC?_7 Pin=SW?-2
Added Net: Name=NetIC?_7
Added Pin To Net: NetName=NetIC?_8 Pin=IC?-8
Added Pin To Net: NetName=NetIC?_8 Pin=SW?-2
Added Pin To Net: NetName=NetIC?_8 Pin=SW?-2
Added Pin To Net: NetName=NetIC?_8 Pin=SW?-2
Added Pin To Net: NetName=NetIC?_8 Pin=SW?-2
Added Net: Name=NetIC?_8
Added Pin To Net: NetName=NetIC?_9 Pin=IC?-9
Added Pin To Net: NetName=NetIC?_9 Pin=R?-2
Added Pin To Net: NetName=NetIC?_9 Pin=SW?-1
Added Net: Name=NetIC?_9
Added Pin To Net: NetName=NetIC?_21 Pin=IC?-21
Added Net: Name=NetIC?_21
Added Pin To Net: NetName=NetIC?_22 Pin=IC?-22
Added Net: Name=NetIC?_22
Added Pin To Net: NetName=NetIC?_23 Pin=IC?-23
Added Net: Name=NetIC?_23
Added Pin To Net: NetName=NetL?_1 Pin=L?-1
Added Net: Name=NetL?_1
Added Pin To Net: NetName=NetL?_2 Pin=L?-2
Added Net: Name=NetL?_2
Added Pin To Net: NetName=NetL?_3 Pin=L?-3
Added Net: Name=NetL?_3
Added Pin To Net: NetName=NetL?_4 Pin=L?-4
Added Net: Name=NetL?_4
Added Pin To Net: NetName=NetL?_5 Pin=L?-5
Added Net: Name=NetL?_5
Added Pin To Net: NetName=NetL?_9 Pin=L?-9
Added Net: Name=NetL?_9
Added Pin To Net: NetName=NetL?_12 Pin=L?-12
Added Net: Name=NetL?_12
Added Pin To Net: NetName=NetL?_13 Pin=L?-13
Added Net: Name=NetL?_13
Added Pin To Net: NetName=NetM?_18 Pin=R?-1
Added Net: Name=NetM?_18
Added Class: Name=Designator
Added Room: Name=Designator
Added Room: Name=Designator
Added Room: Name=Designator
