Added Component: Designator=C1(CAP_0805)
Add component. Clean all parameters for all variants
Add component (AddParameter): Name = "LatestRevisionDate"; Value = "17-Jul-2002"; VariantName = "[No Variations]"
Add component (AddParameter): Name = "LatestRevisionNote"; Value = "Re-released for DXP Platform."; VariantName = "[No Variations]"
Add component (AddParameter): Name = "PackageReference"; Value = "RAD-0.3"; VariantName = "[No Variations]"
Add component (AddParameter): Name = "Published"; Value = "8-Jun-2000"; VariantName = "[No Variations]"
Add component (AddParameter): Name = "Publisher"; Value = "Altium Limited"; VariantName = "[No Variations]"
Add component (AddParameter): Name = "Value"; Value = "33p"; VariantName = "[No Variations]"
Added Component: Designator=C2(CAP_0805)
Add component. Clean all parameters for all variants
Add component (AddParameter): Name = "LatestRevisionDate"; Value = "17-Jul-2002"; VariantName = "[No Variations]"
Add component (AddParameter): Name = "LatestRevisionNote"; Value = "Re-released for DXP Platform."; VariantName = "[No Variations]"
Add component (AddParameter): Name = "PackageReference"; Value = "RAD-0.3"; VariantName = "[No Variations]"
Add component (AddParameter): Name = "Published"; Value = "8-Jun-2000"; VariantName = "[No Variations]"
Add component (AddParameter): Name = "Publisher"; Value = "Altium Limited"; VariantName = "[No Variations]"
Add component (AddParameter): Name = "Value"; Value = "33p"; VariantName = "[No Variations]"
Added Component: Designator=C3(C5mm)
Add component. Clean all parameters for all variants
Add component (AddParameter): Name = "LatestRevisionDate"; Value = "17-Jul-2002"; VariantName = "[No Variations]"
Add component (AddParameter): Name = "LatestRevisionNote"; Value = "Re-released for DXP Platform."; VariantName = "[No Variations]"
Add component (AddParameter): Name = "PackageReference"; Value = "POLAR0.8"; VariantName = "[No Variations]"
Add component (AddParameter): Name = "Published"; Value = "8-Jun-2000"; VariantName = "[No Variations]"
Add component (AddParameter): Name = "Publisher"; Value = "Altium Limited"; VariantName = "[No Variations]"
Added Component: Designator=C4(C5mm)
Add component. Clean all parameters for all variants
Add component (AddParameter): Name = "LatestRevisionDate"; Value = "17-Jul-2002"; VariantName = "[No Variations]"
Add component (AddParameter): Name = "LatestRevisionNote"; Value = "Re-released for DXP Platform."; VariantName = "[No Variations]"
Add component (AddParameter): Name = "PackageReference"; Value = "POLAR0.8"; VariantName = "[No Variations]"
Add component (AddParameter): Name = "Published"; Value = "8-Jun-2000"; VariantName = "[No Variations]"
Add component (AddParameter): Name = "Publisher"; Value = "Altium Limited"; VariantName = "[No Variations]"
Added Component: Designator=D1(SMA)
Add component. Clean all parameters for all variants
Add component (AddParameter): Name = "Value"; Value = "Diode c?m 1N5408"; VariantName = "[No Variations]"
Added Component: Designator=IC1(DIP40/W0.6)
Add component. Clean all parameters for all variants
Add component (AddParameter): Name = "Value"; Value = "AT89C52"; VariantName = "[No Variations]"
Added Component: Designator=JDC1(DC-IN)
Add component. Clean all parameters for all variants
Add component (AddParameter): Name = "Value"; Value = "Jac DC"; VariantName = "[No Variations]"
Added Component: Designator=L1(7SEGQ)
Add component. Clean all parameters for all variants
Added Component: Designator=L2(L-SMD-M-7.3x4.5)
Add component. Clean all parameters for all variants
Add component (AddParameter): Name = "Value"; Value = "150 mH"; VariantName = "[No Variations]"
Added Component: Designator=M1(SO24_L)
Add component. Clean all parameters for all variants
Add component (AddParameter): Name = "Code_JEDEC"; Value = "MS-001-AF"; VariantName = "[No Variations]"
Add component (AddParameter): Name = "ComponentLink1Description"; Value = "Manufacturer Link"; VariantName = "[No Variations]"
Add component (AddParameter): Name = "ComponentLink1URL"; Value = "http://www.maxim-ic.com/"; VariantName = "[No Variations]"
Add component (AddParameter): Name = "ComponentLink2Description"; Value = "Datasheet"; VariantName = "[No Variations]"
Add component (AddParameter): Name = "ComponentLink2URL"; Value = "http://pdfserv.maxim-ic.com/en/ds/MAX7219-MAX7221.pdf"; VariantName = "[No Variations]"
Add component (AddParameter): Name = "DatasheetVersion"; Value = "Jul-1997"; VariantName = "[No Variations]"
Add component (AddParameter): Name = "LatestRevisionDate"; Value = "29-May-2009"; VariantName = "[No Variations]"
Add component (AddParameter): Name = "LatestRevisionNote"; Value = "Component Body Added."; VariantName = "[No Variations]"
Add component (AddParameter): Name = "PackageDescription"; Value = "DIP, 24-Pin, Row Spacing 7.62 mm, Pitch 2.54 mm"; VariantName = "[No Variations]"
Add component (AddParameter): Name = "PackageReference"; Value = "NG24A"; VariantName = "[No Variations]"
Add component (AddParameter): Name = "PackageVersion"; Value = "1997"; VariantName = "[No Variations]"
Add component (AddParameter): Name = "Published"; Value = "16-Jan-2001"; VariantName = "[No Variations]"
Add component (AddParameter): Name = "Publisher"; Value = "Altium Limited"; VariantName = "[No Variations]"
Added Component: Designator=R1(RES-SMD-0805)
Add component. Clean all parameters for all variants
Add component (AddParameter): Name = "Value"; Value = "R1/4W - 1K"; VariantName = "[No Variations]"
Added Component: Designator=R2(RES_SMD_0805)
Add component. Clean all parameters for all variants
Add component (AddParameter): Name = "Value"; Value = "R1/4W - 1K"; VariantName = "[No Variations]"
Added Component: Designator=S1(SW-SMD)
Add component. Clean all parameters for all variants
Add component (AddParameter): Name = "LatestRevisionDate"; Value = "17-Jul-2002"; VariantName = "[No Variations]"
Add component (AddParameter): Name = "LatestRevisionNote"; Value = "Re-released for DXP Platform."; VariantName = "[No Variations]"
Add component (AddParameter): Name = "PackageReference"; Value = "SPST-2"; VariantName = "[No Variations]"
Add component (AddParameter): Name = "Published"; Value = "24-Mar-1999"; VariantName = "[No Variations]"
Add component (AddParameter): Name = "Publisher"; Value = "Altium Limited"; VariantName = "[No Variations]"
Added Component: Designator=SW1(SW-SMD)
Add component. Clean all parameters for all variants
Add component (AddParameter): Name = "Value"; Value = "SW chip 2 pin"; VariantName = "[No Variations]"
Added Component: Designator=SW2(SW-SMD)
Add component. Clean all parameters for all variants
Add component (AddParameter): Name = "Value"; Value = "SW chip 2 pin"; VariantName = "[No Variations]"
Added Component: Designator=SW3(SW-SMD)
Add component. Clean all parameters for all variants
Add component (AddParameter): Name = "Value"; Value = "SW chip 2 pin"; VariantName = "[No Variations]"
Added Component: Designator=SW4(SW-SMD)
Add component. Clean all parameters for all variants
Add component (AddParameter): Name = "Value"; Value = "SW chip 2 pin"; VariantName = "[No Variations]"
Added Component: Designator=SW5(SW-SMD)
Add component. Clean all parameters for all variants
Add component (AddParameter): Name = "Value"; Value = "SW chip 2 pin"; VariantName = "[No Variations]"
Added Component: Designator=SW6(SW-SMD)
Add component. Clean all parameters for all variants
Add component (AddParameter): Name = "Value"; Value = "SW chip 2 pin"; VariantName = "[No Variations]"
Added Component: Designator=SW7(SW-SMD)
Add component. Clean all parameters for all variants
Add component (AddParameter): Name = "Value"; Value = "SW chip 2 pin"; VariantName = "[No Variations]"
Added Component: Designator=SW8(SW-SMD)
Add component. Clean all parameters for all variants
Add component (AddParameter): Name = "Value"; Value = "SW chip 2 pin"; VariantName = "[No Variations]"
Added Component: Designator=SW9(SW-SMD)
Add component. Clean all parameters for all variants
Add component (AddParameter): Name = "Value"; Value = "SW chip 2 pin"; VariantName = "[No Variations]"
Added Component: Designator=SW10(SW-SMD)
Add component. Clean all parameters for all variants
Add component (AddParameter): Name = "Value"; Value = "SW chip 2 pin"; VariantName = "[No Variations]"
Added Component: Designator=SW11(SW-SMD)
Add component. Clean all parameters for all variants
Add component (AddParameter): Name = "Value"; Value = "SW chip 2 pin"; VariantName = "[No Variations]"
Added Component: Designator=SW12(SW-SMD)
Add component. Clean all parameters for all variants
Add component (AddParameter): Name = "Value"; Value = "SW chip 2 pin"; VariantName = "[No Variations]"
Added Component: Designator=SW13(SW-SMD)
Add component. Clean all parameters for all variants
Add component (AddParameter): Name = "Value"; Value = "SW chip 2 pin"; VariantName = "[No Variations]"
Added Component: Designator=SW14(SW-SMD)
Add component. Clean all parameters for all variants
Add component (AddParameter): Name = "Value"; Value = "SW chip 2 pin"; VariantName = "[No Variations]"
Added Component: Designator=SW15(SW-SMD)
Add component. Clean all parameters for all variants
Add component (AddParameter): Name = "Value"; Value = "SW chip 2 pin"; VariantName = "[No Variations]"
Added Component: Designator=SW16(SW-SMD)
Add component. Clean all parameters for all variants
Add component (AddParameter): Name = "Value"; Value = "SW chip 2 pin"; VariantName = "[No Variations]"
Added Component: Designator=U1(TO-263)
Add component. Clean all parameters for all variants
Add component (AddParameter): Name = "Category"; Value = "IC-Power"; VariantName = "[No Variations]"
Add component (AddParameter): Name = "Max Input Voltage"; Value = "12 V"; VariantName = "[No Variations]"
Add component (AddParameter): Name = "Max Output Current"; Value = "3 (6.0 peak) A"; VariantName = "[No Variations]"
Add component (AddParameter): Name = "Max Output Voltage"; Value = "mV"; VariantName = "[No Variations]"
Add component (AddParameter): Name = "Min Input Voltage"; Value = "mV"; VariantName = "[No Variations]"
Add component (AddParameter): Name = "Min Output Voltage"; Value = "mV"; VariantName = "[No Variations]"
Add component (AddParameter): Name = "Mounting Technology"; Value = "Surface Mount"; VariantName = "[No Variations]"
Add component (AddParameter): Name = "PowerICTypes"; Value = ""; VariantName = "[No Variations]"
Add component (AddParameter): Name = "Status"; Value = "Unreleased"; VariantName = "[No Variations]"
Add component (AddParameter): Name = "Supply Voltage"; Value = "mV"; VariantName = "[No Variations]"
Add component (AddParameter): Name = "Temperature Range"; Value = "-40 to +125 degC"; VariantName = "[No Variations]"
Added Component: Designator=Y1(XTAL)
Add component. Clean all parameters for all variants
Add component (AddParameter): Name = "LatestRevisionDate"; Value = "17-Jul-2002"; VariantName = "[No Variations]"
Add component (AddParameter): Name = "LatestRevisionNote"; Value = "Re-released for DXP Platform."; VariantName = "[No Variations]"
Add component (AddParameter): Name = "PackageReference"; Value = "R38"; VariantName = "[No Variations]"
Add component (AddParameter): Name = "Published"; Value = "8-Jun-2000"; VariantName = "[No Variations]"
Add component (AddParameter): Name = "Publisher"; Value = "Altium Limited"; VariantName = "[No Variations]"
Added Pin To Net: NetName=GND Pin=C1-1
Added Pin To Net: NetName=NetC1_2 Pin=C1-2
Added Pin To Net: NetName=GND Pin=C2-1
Added Pin To Net: NetName=NetC2_2 Pin=C2-2
Added Pin To Net: NetName=NetC3_1 Pin=C3-1
Added Pin To Net: NetName=GND Pin=C3-2
Added Pin To Net: NetName=+5 Pin=C4-1
Added Pin To Net: NetName=GND Pin=C4-2
Added Pin To Net: NetName=GND Pin=D1-1
Added Pin To Net: NetName=NetD1_2 Pin=D1-2
Added Pin To Net: NetName=NetIC1_1 Pin=IC1-1
Added Pin To Net: NetName=NetIC1_2 Pin=IC1-2
Added Pin To Net: NetName=NetIC1_3 Pin=IC1-3
Added Pin To Net: NetName=NetIC1_4 Pin=IC1-4
Added Pin To Net: NetName=NetIC1_5 Pin=IC1-5
Added Pin To Net: NetName=NetIC1_6 Pin=IC1-6
Added Pin To Net: NetName=NetIC1_7 Pin=IC1-7
Added Pin To Net: NetName=NetIC1_8 Pin=IC1-8
Added Pin To Net: NetName=NetIC1_9 Pin=IC1-9
Added Pin To Net: NetName=NetC1_2 Pin=IC1-18
Added Pin To Net: NetName=NetC2_2 Pin=IC1-19
Added Pin To Net: NetName=NetIC1_21 Pin=IC1-21
Added Pin To Net: NetName=NetIC1_22 Pin=IC1-22
Added Pin To Net: NetName=NetIC1_23 Pin=IC1-23
Added Pin To Net: NetName=+5 Pin=IC1-31
Added Pin To Net: NetName=+5 Pin=IC1-40
Added Pin To Net: NetName=NetC3_1 Pin=JDC1-1
Added Pin To Net: NetName=GND Pin=JDC1-2
Added Pin To Net: NetName=GND Pin=JDC1-3
Added Pin To Net: NetName=NetL1_1 Pin=L1-1
Added Pin To Net: NetName=NetL1_2 Pin=L1-2
Added Pin To Net: NetName=NetL1_3 Pin=L1-3
Added Pin To Net: NetName=NetL1_4 Pin=L1-4
Added Pin To Net: NetName=NetL1_5 Pin=L1-5
Added Pin To Net: NetName=D3 Pin=L1-6
Added Pin To Net: NetName=+5 Pin=L1-7
Added Pin To Net: NetName=GND Pin=L1-8
Added Pin To Net: NetName=NetL1_9 Pin=L1-9
Added Pin To Net: NetName=D2 Pin=L1-10
Added Pin To Net: NetName=D1 Pin=L1-11
Added Pin To Net: NetName=NetL1_12 Pin=L1-12
Added Pin To Net: NetName=NetD1_2 Pin=L2-1
Added Pin To Net: NetName=+5 Pin=L2-2
Added Pin To Net: NetName=NetIC1_23 Pin=M1-1
Added Pin To Net: NetName=D0 Pin=M1-2
Added Pin To Net: NetName=GND Pin=M1-4
Added Pin To Net: NetName=D2 Pin=M1-6
Added Pin To Net: NetName=D3 Pin=M1-7
Added Pin To Net: NetName=GND Pin=M1-9
Added Pin To Net: NetName=D1 Pin=M1-11
Added Pin To Net: NetName=NetIC1_22 Pin=M1-12
Added Pin To Net: NetName=NetIC1_21 Pin=M1-13
Added Pin To Net: NetName=NetL1_13 Pin=M1-14
Added Pin To Net: NetName=NetL1_12 Pin=M1-15
Added Pin To Net: NetName=NetL1_9 Pin=M1-16
Added Pin To Net: NetName=NetL1_5 Pin=M1-17
Added Pin To Net: NetName=NetM1_18 Pin=M1-18
Added Pin To Net: NetName=+5 Pin=M1-19
Added Pin To Net: NetName=NetL1_4 Pin=M1-20
Added Pin To Net: NetName=NetL1_1 Pin=M1-21
Added Pin To Net: NetName=NetL1_3 Pin=M1-22
Added Pin To Net: NetName=NetL1_2 Pin=M1-23
Added Pin To Net: NetName=GND Pin=R1-1
Added Pin To Net: NetName=NetIC1_9 Pin=R1-2
Added Pin To Net: NetName=NetM1_18 Pin=R2-1
Added Pin To Net: NetName=+5 Pin=R2-2
Added Pin To Net: NetName=+5 Pin=S1-1
Added Pin To Net: NetName=NetIC1_9 Pin=S1-2
Added Pin To Net: NetName=NetIC1_1 Pin=SW1-1
Added Pin To Net: NetName=NetIC1_5 Pin=SW1-2
Added Pin To Net: NetName=NetIC1_2 Pin=SW2-1
Added Pin To Net: NetName=NetIC1_5 Pin=SW2-2
Added Pin To Net: NetName=NetIC1_3 Pin=SW3-1
Added Pin To Net: NetName=NetIC1_5 Pin=SW3-2
Added Pin To Net: NetName=NetIC1_4 Pin=SW4-1
Added Pin To Net: NetName=NetIC1_5 Pin=SW4-2
Added Pin To Net: NetName=NetIC1_1 Pin=SW5-1
Added Pin To Net: NetName=NetIC1_6 Pin=SW5-2
Added Pin To Net: NetName=NetIC1_2 Pin=SW6-1
Added Pin To Net: NetName=NetIC1_6 Pin=SW6-2
Added Pin To Net: NetName=NetIC1_3 Pin=SW7-1
Added Pin To Net: NetName=NetIC1_6 Pin=SW7-2
Added Pin To Net: NetName=NetIC1_4 Pin=SW8-1
Added Pin To Net: NetName=NetIC1_6 Pin=SW8-2
Added Pin To Net: NetName=NetIC1_1 Pin=SW9-1
Added Pin To Net: NetName=NetIC1_7 Pin=SW9-2
Added Pin To Net: NetName=NetIC1_2 Pin=SW10-1
Added Pin To Net: NetName=NetIC1_7 Pin=SW10-2
Added Pin To Net: NetName=NetIC1_3 Pin=SW11-1
Added Pin To Net: NetName=NetIC1_7 Pin=SW11-2
Added Pin To Net: NetName=NetIC1_4 Pin=SW12-1
Added Pin To Net: NetName=NetIC1_7 Pin=SW12-2
Added Pin To Net: NetName=NetIC1_1 Pin=SW13-1
Added Pin To Net: NetName=NetIC1_8 Pin=SW13-2
Added Pin To Net: NetName=NetIC1_2 Pin=SW14-1
Added Pin To Net: NetName=NetIC1_8 Pin=SW14-2
Added Pin To Net: NetName=NetIC1_3 Pin=SW15-1
Added Pin To Net: NetName=NetIC1_8 Pin=SW15-2
Added Pin To Net: NetName=NetIC1_4 Pin=SW16-1
Added Pin To Net: NetName=NetIC1_8 Pin=SW16-2
Added Pin To Net: NetName=NetC3_1 Pin=U1-1
Added Pin To Net: NetName=NetD1_2 Pin=U1-2
Added Pin To Net: NetName=GND Pin=U1-3
Added Pin To Net: NetName=+5 Pin=U1-4
Added Pin To Net: NetName=GND Pin=U1-5
Added Pin To Net: NetName=NetC2_2 Pin=Y1-1
Added Pin To Net: NetName=NetC1_2 Pin=Y1-2
Added Member To Class: ClassName=[02]-MCU Member=Component C1 22pF
Added Member To Class: ClassName=[02]-MCU Member=Component C2 22pF
Added Member To Class: ClassName=[05]-POWER Member=Component C3 470uF
Added Member To Class: ClassName=[05]-POWER Member=Component C4 220uF
Added Member To Class: ClassName=[05]-POWER Member=Component D1 1N5822
Added Member To Class: ClassName=[02]-MCU Member=Component IC1 AT89C52
Added Member To Class: ClassName=[05]-POWER Member=Component JDC1 Jac DC
Added Member To Class: ClassName=[03]-LED7SEG Member=Component L1 Led 7 Seg 4 digit - Anode
Added Member To Class: ClassName=[05]-POWER Member=Component L2 150mH
Added Member To Class: ClassName=[03]-LED7SEG Member=Component M1 MAX7219ENG
Added Member To Class: ClassName=[02]-MCU Member=Component R1 1k
Added Member To Class: ClassName=[03]-LED7SEG Member=Component R2 10k
Added Member To Class: ClassName=[02]-MCU Member=Component S1 SW-SMD
Added Member To Class: ClassName=Designator Member=Component SW1 SW
Added Member To Class: ClassName=Designator Member=Component SW2 SW
Added Member To Class: ClassName=Designator Member=Component SW3 SW
Added Member To Class: ClassName=Designator Member=Component SW4 SW
Added Member To Class: ClassName=Designator Member=Component SW5 SW
Added Member To Class: ClassName=Designator Member=Component SW6 SW
Added Member To Class: ClassName=Designator Member=Component SW7 SW
Added Member To Class: ClassName=Designator Member=Component SW8 SW
Added Member To Class: ClassName=Designator Member=Component SW9 SW
Added Member To Class: ClassName=Designator Member=Component SW10 SW
Added Member To Class: ClassName=Designator Member=Component SW11 SW
Added Member To Class: ClassName=Designator Member=Component SW12 SW
Added Member To Class: ClassName=Designator Member=Component SW13 SW
Added Member To Class: ClassName=Designator Member=Component SW14 SW
Added Member To Class: ClassName=Designator Member=Component SW15 SW
Added Member To Class: ClassName=Designator Member=Component SW16 SW
Added Member To Class: ClassName=[05]-POWER Member=Component U1 LM2976
Added Member To Class: ClassName=[02]-MCU Member=Component Y1 20MHz
Added Room: Name=[02]-MCU
Added Room: Name=[03]-LED7SEG
Added Room: Name=[05]-POWER
Added Room: Name=Designator
