C51 COMPILER V9.60.0.0   MAIN                                                              06/22/2022 17:33:24 PAGE 1   


C51 COMPILER V9.60.0.0, COMPILATION OF MODULE MAIN
OBJECT MODULE PLACED IN .\Objects\main.obj
COMPILER INVOKED BY: C:\Keil_v5\C51\BIN\C51.EXE main.c OPTIMIZE(8,SPEED) BROWSE DEBUG OBJECTEXTEND PRINT(.\Listings\main
                    -.lst) TABS(2) OBJECT(.\Objects\main.obj)

line level    source

   1          /*
   2          Nguoi viet: Chien Nguyen
   3          Ngay viet: 22/06/2022
   4          De bai : nhan nut tang 1 so tren led 7 thanh
   5          */
   6          #include <REGX51.H>
   7          #include <..\lib\Delay.h>
   8          #define BTN P2_0
   9          
  10          unsigned char  i  = 0 ;
  11          unsigned char  code_7seg[10] = {0xC0, 0xF9, 0xA4, 0xB0, 0x99, 0x92, 0x82, 0xF8, 0x80, 0x90};
  12          
  13          void main ()
  14          {
  15   1         
  16   1         while (1)
  17   1         { if (BTN == 0)
  18   2               {  
  19   3                  i++;
  20   3                  if (i==10) i=0;
  21   3                  P3 = code_7seg[i];
  22   3                   while (BTN == 0) ; //chong hien tuong dinh phim
  23   3               }
  24   2         }
  25   1         
  26   1          
  27   1      
  28   1      
  29   1      }


MODULE INFORMATION:   STATIC OVERLAYABLE
   CODE SIZE        =     26    ----
   CONSTANT SIZE    =   ----    ----
   XDATA SIZE       =   ----    ----
   PDATA SIZE       =   ----    ----
   DATA SIZE        =     11    ----
   IDATA SIZE       =   ----    ----
   BIT SIZE         =   ----    ----
END OF MODULE INFORMATION.


C51 COMPILATION COMPLETE.  0 WARNING(S),  0 ERROR(S)
