C51 COMPILER V9.60.0.0   DELAY                                                             06/25/2022 10:06:19 PAGE 1   


C51 COMPILER V9.60.0.0, COMPILATION OF MODULE DELAY
OBJECT MODULE PLACED IN .\Objects\Delay.obj
COMPILER INVOKED BY: C:\Keil_v5\C51\BIN\C51.EXE ..\lib\Delay.c OPTIMIZE(8,SPEED) BROWSE DEBUG OBJECTEXTEND PRINT(.\Listi
                    -ngs\Delay.lst) TABS(2) OBJECT(.\Objects\Delay.obj)

line level    source

   1          #include <Delay.h>
*** WARNING C318 IN LINE 1 OF ..\lib\Delay.c: can't open file 'Delay.h'
   2           void Delay_ms(unsigned int t)
   3          {
   4   1        unsigned int x,y ;
   5   1        for (x=0;x<t;x++)
   6   1        {
   7   2           for (y=0;y<123;y++);
   8   2        }
   9   1      }


MODULE INFORMATION:   STATIC OVERLAYABLE
   CODE SIZE        =     32    ----
   CONSTANT SIZE    =   ----    ----
   XDATA SIZE       =   ----    ----
   PDATA SIZE       =   ----    ----
   DATA SIZE        =   ----    ----
   IDATA SIZE       =   ----    ----
   BIT SIZE         =   ----    ----
END OF MODULE INFORMATION.


C51 COMPILATION COMPLETE.  1 WARNING(S),  0 ERROR(S)
