C51 COMPILER V9.60.0.0   MAIN                                                              06/25/2022 11:05:11 PAGE 1   


C51 COMPILER V9.60.0.0, COMPILATION OF MODULE MAIN
OBJECT MODULE PLACED IN .\Objects\main.obj
COMPILER INVOKED BY: C:\Keil_v5\C51\BIN\C51.EXE main.c OPTIMIZE(8,SPEED) BROWSE DEBUG OBJECTEXTEND PRINT(.\Listings\main
                    -.lst) TABS(2) OBJECT(.\Objects\main.obj)

line level    source

   1          #include <main.h>
   2          #include <..\lib\delay.h>
   3          #define LED P2_0
   4          
   5          void delay_tmr(void) //50ms
   6          {
   7   1       TMOD = 00000001 ;
   8   1       TH0 = 0x3C;
   9   1       TL0 = 0xAF ;
  10   1       TR0 = 1;
  11   1        while ( !TF0 ) ;
  12   1        TR0 = 0;
  13   1        TF0 = 0;
  14   1       
  15   1      
  16   1      }
  17          
  18          void main ()
  19          {
  20   1        LED = 0 ;
  21   1      
  22   1       while (1)
  23   1       {
  24   2        LED = ! LED ;
  25   2         delay_tmr();
  26   2       
  27   2       }
  28   1      
  29   1      
  30   1      
  31   1      }


MODULE INFORMATION:   STATIC OVERLAYABLE
   CODE SIZE        =     28    ----
   CONSTANT SIZE    =   ----    ----
   XDATA SIZE       =   ----    ----
   PDATA SIZE       =   ----    ----
   DATA SIZE        =   ----    ----
   IDATA SIZE       =   ----    ----
   BIT SIZE         =   ----    ----
END OF MODULE INFORMATION.


C51 COMPILATION COMPLETE.  0 WARNING(S),  0 ERROR(S)
