C51 COMPILER V9.60.0.0   BAI1                                                              06/25/2022 05:28:21 PAGE 1   


C51 COMPILER V9.60.0.0, COMPILATION OF MODULE BAI1
OBJECT MODULE PLACED IN .\Objects\bai1.obj
COMPILER INVOKED BY: C:\Keil_v5\C51\BIN\C51.EXE bai1.c OPTIMIZE(8,SPEED) BROWSE DEBUG OBJECTEXTEND PRINT(.\Listings\bai1
                    -.lst) TABS(2) OBJECT(.\Objects\bai1.obj)

line level    source

   1          #include <REGX51.H>
   2          #define but1 P1_1
   3          #define but2 P1_7
   4          int dem;
   5          void delay(int t)
   6          {
   7   1      while(t)
   8   1      {
   9   2      t--;
  10   2      }
  11   1      }
  12          void main(){
  13   1      char  matrix[] = {0x3F,0x06,0x5B,0x4F,0x66,0x6D,0x7D,0x07,0x7F,0x6F };
  14   1        
  15   1        while(1){
  16   2        /*  if(but1==0 && but2==1){
  17   2            delay(100);
  18   2            if(but1==1);
  19   2            dem++;
  20   2            if(dem>9){
  21   2            dem=0;}
  22   2            P2=matrix[dem];
  23   2        }
  24   2          if(but2==0 && but1==1){
  25   2          delay(100);
  26   2            if(but2==1);
  27   2            dem--;
  28   2            if(dem<0) dem=9;
  29   2            P2=matrix[dem];
  30   2          }*/
  31   2            if(but1==0){
  32   3            delay(100);
  33   3              if(but1==1){dem++;}
  34   3              if(dem>9) dem=0;
  35   3              P2=matrix[dem];
  36   3            }
  37   2            if(but2==0){
  38   3            delay(100);
  39   3              if(but2==1){dem--;}
  40   3              if(dem<0) dem=9;
  41   3              P2=matrix[dem];
  42   3            }
  43   2          if(but1==0 && but2==0){dem=0;P2=matrix[dem];}
  44   2        }
  45   1        }


MODULE INFORMATION:   STATIC OVERLAYABLE
   CODE SIZE        =    143    ----
   CONSTANT SIZE    =     10    ----
   XDATA SIZE       =   ----    ----
   PDATA SIZE       =   ----    ----
   DATA SIZE        =      2      10
   IDATA SIZE       =   ----    ----
C51 COMPILER V9.60.0.0   BAI1                                                              06/25/2022 05:28:21 PAGE 2   

   BIT SIZE         =   ----    ----
END OF MODULE INFORMATION.


C51 COMPILATION COMPLETE.  0 WARNING(S),  0 ERROR(S)
